<?xml version="1.0" encoding="UTF-8"?>
<!-- Generated by org.testng.reporters.JUnitReportReporter -->
<testsuite name="com.xiaosu.testng.TestClass2" tests="1" time="3.014" ignored="0" failures="0" timestamp="15 七月 2018 02:19:05 GMT" skipped="0" hostname="xiaosu-PC" errors="0">
  <testcase name="f2" time="3.014" classname="com.xiaosu.testng.TestClass2"/>
</testsuite> <!-- com.xiaosu.testng.TestClass2 -->
