<?xml version="1.0" encoding="UTF-8"?>
<!-- Generated by org.testng.reporters.JUnitReportReporter -->
<testsuite name="com.xiaosu.testng.TestClass4" tests="2" time="6.020" ignored="0" failures="0" timestamp="14 七月 2018 15:29:44 GMT" skipped="0" hostname="xiaosu-PC" errors="0">
  <testcase name="f2" time="3.002" classname="com.xiaosu.testng.TestClass4"/>
  <testcase name="f1" time="3.018" classname="com.xiaosu.testng.TestClass4"/>
</testsuite> <!-- com.xiaosu.testng.TestClass4 -->
