<?xml version="1.0" encoding="UTF-8"?>
<!-- Generated by org.testng.reporters.JUnitReportReporter -->
<testsuite name="com.xiaosu.testng.TestClass1" tests="2" time="6.017" ignored="0" failures="0" timestamp="15 七月 2018 02:04:22 GMT" skipped="0" hostname="xiaosu-PC" errors="0">
  <testcase name="f2" time="3.004" classname="com.xiaosu.testng.TestClass1"/>
  <testcase name="f1" time="3.013" classname="com.xiaosu.testng.TestClass1"/>
</testsuite> <!-- com.xiaosu.testng.TestClass1 -->
