<?xml version="1.0" encoding="UTF-8"?>
<!-- Generated by org.testng.reporters.JUnitReportReporter -->
<testsuite name="com.xiaosu.testng.TestClass1" tests="4" time="12.085" ignored="0" failures="0" timestamp="15 七月 2018 04:35:47 GMT" skipped="0" hostname="xiaosu-PC" errors="0">
  <testcase name="f1" time="3.024" classname="com.xiaosu.testng.TestClass1"/>
  <testcase name="f1" time="3.027" classname="com.xiaosu.testng.TestClass1"/>
  <testcase name="f1" time="3.018" classname="com.xiaosu.testng.TestClass1"/>
  <testcase name="f1" time="3.016" classname="com.xiaosu.testng.TestClass1"/>
</testsuite> <!-- com.xiaosu.testng.TestClass1 -->
