<?xml version="1.0" encoding="UTF-8"?>
<!-- Generated by org.testng.reporters.JUnitReportReporter -->
<testsuite name="com.xiaosu.testng.TestClass1" tests="10" time="30.406" ignored="0" failures="0" timestamp="15 七月 2018 06:23:27 GMT" skipped="0" hostname="xiaosu-PC" errors="0">
  <testcase name="f1" time="3.039" classname="com.xiaosu.testng.TestClass1"/>
  <testcase name="f1" time="3.067" classname="com.xiaosu.testng.TestClass1"/>
  <testcase name="f1" time="3.027" classname="com.xiaosu.testng.TestClass1"/>
  <testcase name="f1" time="3.053" classname="com.xiaosu.testng.TestClass1"/>
  <testcase name="f1" time="3.040" classname="com.xiaosu.testng.TestClass1"/>
  <testcase name="f1" time="3.027" classname="com.xiaosu.testng.TestClass1"/>
  <testcase name="f1" time="3.036" classname="com.xiaosu.testng.TestClass1"/>
  <testcase name="f1" time="3.031" classname="com.xiaosu.testng.TestClass1"/>
  <testcase name="f1" time="3.030" classname="com.xiaosu.testng.TestClass1"/>
  <testcase name="f1" time="3.056" classname="com.xiaosu.testng.TestClass1"/>
</testsuite> <!-- com.xiaosu.testng.TestClass1 -->
